<?xml version="1.0" encoding="UTF-8"?>
<Site BuildName="(empty)"
	BuildStamp="20251105-1042-Experimental"
	Name="(empty)"
	Generator="ctest-4.2.0-rc1"
	CompilerName=""
	CompilerVersion=""
	OSName="Windows"
	Hostname="GA-T11"
	OSRelease="10.0.26100"
	OSVersion="Windows 10"
	OSPlatform="AMD64"
	Is64Bits="1"
	VendorString="GenuineIntel"
	VendorID="Intel Corporation"
	FamilyID="6"
	ModelID="14"
	ModelName=""
	ProcessorCacheSize="-1"
	NumberOfLogicalCPU="12"
	NumberOfPhysicalCPU="6"
	TotalVirtualMemory="17329"
	TotalPhysicalMemory="16305"
	LogicalProcessorsPerPhysical="2"
	ProcessorClockFrequency="3192"
	>
	<Testing>
		<StartDateTime>Nov 06 13:46 Paris, Madrid</StartDateTime>
		<StartTestTime>1762433166</StartTestTime>
		<TestList/>
		<EndDateTime>Nov 06 13:46 Paris, Madrid</EndDateTime>
		<EndTestTime>1762433166</EndTestTime>
		<ElapsedMinutes>0</ElapsedMinutes>
	</Testing>
</Site>
